Arguments: 
  /home/tlc/.nvm/versions/node/v12.9.0/bin/node /usr/share/yarn/bin/yarn.js add jest

PATH: 
  /home/tlc/.nvm/versions/node/v12.9.0/bin:/usr/local/sbin:/usr/local/bin:/usr/sbin:/usr/bin:/sbin:/bin:/usr/games:/usr/local/games:/snap/bin

Yarn version: 
  1.19.1

Node version: 
  12.9.0

Platform: 
  linux x64

Trace: 
  SyntaxError: /home/tlc/Workspace/area51/aoc-2019/package.json: Unexpected string in JSON at position 196
      at JSON.parse (<anonymous>)
      at /usr/share/yarn/lib/cli.js:1625:59
      at Generator.next (<anonymous>)
      at step (/usr/share/yarn/lib/cli.js:304:30)
      at /usr/share/yarn/lib/cli.js:315:13

npm manifest: 
  {
    "name": "aoc-2019",
    "version": "1.0.0",
    "main": "index.js",
    "repository": "https://github.com/thadeuszlay/aoc-2019.git",
    "author": "thadeuszlay <t.le@ftapi.com>",
    "license": "MIT"
    "scripts": {
    	"test": "jest"
    }
  }

yarn manifest: 
  No manifest

Lockfile: 
  No lockfile
